TN:
SF:packages\pipes\src\test.ts
FNF:0
FNH:0
DA:19,1
DA:24,1
DA:26,1
LF:3
LH:3
BRF:0
BRH:0
end_of_record
TN:
SF:packages\pipes\src\lib\generic\length\length.pipe.ts
FN:9,(anonymous_1)
FNF:1
FNH:1
FNDA:9,(anonymous_1)
DA:7,1
DA:10,9
DA:11,4
DA:12,5
DA:13,2
DA:15,3
LF:6
LH:6
BRDA:10,0,0,4
BRDA:10,0,1,5
BRDA:10,1,0,9
BRDA:10,1,1,7
BRDA:10,1,2,5
BRDA:10,1,3,4
BRDA:12,2,0,2
BRDA:12,2,1,3
BRDA:12,3,0,5
BRDA:12,3,1,4
BRF:10
BRH:10
end_of_record
TN:
SF:packages\pipes\src\lib\generic\reverse\reverse.pipe.ts
FN:9,(anonymous_1)
FNF:1
FNH:1
FNDA:9,(anonymous_1)
DA:7,1
DA:10,9
DA:11,2
DA:12,7
DA:13,2
DA:14,5
DA:15,2
DA:17,3
LF:8
LH:8
BRDA:10,0,0,2
BRDA:10,0,1,7
BRDA:12,1,0,2
BRDA:12,1,1,5
BRDA:12,2,0,7
BRDA:12,2,1,6
BRDA:14,3,0,2
BRDA:14,3,1,3
BRF:8
BRH:8
end_of_record
TN:
SF:packages\pipes\src\lib\number\max\max.pipe.ts
FN:8,(anonymous_1)
FNF:1
FNH:1
FNDA:5,(anonymous_1)
DA:6,1
DA:9,5
LF:2
LH:2
BRDA:9,0,0,3
BRDA:9,0,1,2
BRDA:9,1,0,5
BRDA:9,1,1,4
BRF:4
BRH:4
end_of_record
TN:
SF:packages\pipes\src\lib\number\min\min.pipe.ts
FN:8,(anonymous_1)
FNF:1
FNH:1
FNDA:5,(anonymous_1)
DA:6,1
DA:9,5
LF:2
LH:2
BRDA:9,0,0,3
BRDA:9,0,1,2
BRDA:9,1,0,5
BRDA:9,1,1,4
BRF:4
BRH:4
end_of_record
TN:
SF:packages\pipes\src\lib\number\sum\sum.pipe.ts
FN:8,(anonymous_1)
FN:9,(anonymous_2)
FNF:2
FNH:2
FNDA:5,(anonymous_1)
FNDA:11,(anonymous_2)
DA:6,1
DA:9,11
LF:2
LH:2
BRDA:9,0,0,3
BRDA:9,0,1,2
BRDA:9,1,0,5
BRDA:9,1,1,4
BRF:4
BRH:4
end_of_record
TN:
SF:packages\pipes\src\lib\string\camel-case\camel-case.pipe.ts
FN:9,(anonymous_1)
FNF:1
FNH:1
FNDA:7,(anonymous_1)
DA:7,1
DA:10,7
LF:2
LH:2
BRF:0
BRH:0
end_of_record
TN:
SF:packages\pipes\src\lib\string\char-at\char-at.pipe.ts
FN:9,(anonymous_1)
FNF:1
FNH:1
FNDA:6,(anonymous_1)
DA:7,1
DA:10,6
LF:2
LH:2
BRF:0
BRH:0
end_of_record
TN:
SF:packages\pipes\src\lib\string\lower-case\lower-case.pipe.ts
FN:9,(anonymous_1)
FNF:1
FNH:1
FNDA:4,(anonymous_1)
DA:7,1
DA:10,4
LF:2
LH:2
BRF:0
BRH:0
end_of_record
TN:
SF:packages\pipes\src\lib\string\pascal-case\pascal-case.pipe.ts
FN:9,(anonymous_1)
FNF:1
FNH:1
FNDA:7,(anonymous_1)
DA:7,1
DA:10,7
LF:2
LH:2
BRF:0
BRH:0
end_of_record
TN:
SF:packages\pipes\src\lib\string\sentence-case\sentence-case.pipe.ts
FN:9,(anonymous_1)
FNF:1
FNH:1
FNDA:7,(anonymous_1)
DA:7,1
DA:10,7
LF:2
LH:2
BRF:0
BRH:0
end_of_record
TN:
SF:packages\pipes\src\lib\string\slugify\slugify.pipe.ts
FN:9,(anonymous_1)
FNF:1
FNH:1
FNDA:5,(anonymous_1)
DA:7,1
DA:10,5
LF:2
LH:2
BRF:0
BRH:0
end_of_record
TN:
SF:packages\pipes\src\lib\string\title-case\title-case.pipe.ts
FN:9,(anonymous_1)
FNF:1
FNH:1
FNDA:10,(anonymous_1)
DA:7,1
DA:10,10
LF:2
LH:2
BRF:0
BRH:0
end_of_record
TN:
SF:packages\pipes\src\lib\string\trim\trim.pipe.ts
FN:8,(anonymous_1)
FNF:1
FNH:1
FNDA:4,(anonymous_1)
DA:6,1
DA:9,4
LF:2
LH:2
BRDA:9,0,0,4
BRDA:9,0,1,2
BRF:2
BRH:2
end_of_record
TN:
SF:packages\pipes\src\lib\string\trim-left\trim-left.pipe.ts
FN:8,(anonymous_1)
FNF:1
FNH:1
FNDA:4,(anonymous_1)
DA:6,1
DA:9,4
LF:2
LH:2
BRDA:9,0,0,4
BRDA:9,0,1,2
BRF:2
BRH:2
end_of_record
TN:
SF:packages\pipes\src\lib\string\trim-right\trim-right.pipe.ts
FN:8,(anonymous_1)
FNF:1
FNH:1
FNDA:4,(anonymous_1)
DA:6,1
DA:9,4
LF:2
LH:2
BRDA:9,0,0,4
BRDA:9,0,1,2
BRF:2
BRH:2
end_of_record
TN:
SF:packages\pipes\src\lib\string\upper-case\upper-case.pipe.ts
FN:9,(anonymous_1)
FNF:1
FNH:1
FNDA:4,(anonymous_1)
DA:7,1
DA:10,4
LF:2
LH:2
BRF:0
BRH:0
end_of_record
TN:
SF:packages\pipes\src\lib\utils\string-utils.ts
FN:2,(anonymous_0)
FN:6,(anonymous_1)
FN:13,(anonymous_2)
FN:15,(anonymous_3)
FN:21,(anonymous_4)
FN:25,(anonymous_5)
FN:27,(anonymous_6)
FN:33,(anonymous_7)
FN:37,(anonymous_8)
FN:40,(anonymous_9)
FN:47,(anonymous_10)
FNF:11
FNH:11
FNDA:54,(anonymous_0)
FNDA:5,(anonymous_1)
FNDA:7,(anonymous_2)
FNDA:14,(anonymous_3)
FNDA:60,(anonymous_4)
FNDA:7,(anonymous_5)
FNDA:14,(anonymous_6)
FNDA:54,(anonymous_7)
FNDA:10,(anonymous_8)
FNDA:28,(anonymous_9)
FNDA:52,(anonymous_10)
DA:3,54
DA:7,5
DA:8,5
DA:14,7
DA:16,14
DA:22,60
DA:26,7
DA:28,14
DA:34,54
DA:38,10
DA:39,10
DA:41,28
DA:48,52
LF:13
LH:13
BRDA:3,0,0,54
BRDA:3,0,1,51
BRDA:7,1,0,5
BRDA:7,1,1,4
BRDA:8,2,0,5
BRDA:8,2,1,3
BRDA:14,3,0,7
BRDA:14,3,1,5
BRDA:16,4,0,5
BRDA:16,4,1,9
BRDA:22,5,0,60
BRDA:22,5,1,50
BRDA:26,6,0,7
BRDA:26,6,1,5
BRDA:34,7,0,54
BRDA:34,7,1,48
BRDA:38,8,0,10
BRDA:38,8,1,8
BRDA:39,9,0,10
BRDA:39,9,1,8
BRDA:42,10,0,4
BRDA:42,10,1,24
BRDA:41,11,0,28
BRDA:41,11,1,20
BRDA:41,11,2,8
BRDA:48,12,0,52
BRDA:48,12,1,50
BRF:27
BRH:27
end_of_record
TN:
SF:packages\pipes\src\lib\utils\type-utils.ts
FN:2,(anonymous_0)
FN:6,(anonymous_1)
FN:10,(anonymous_2)
FN:14,(anonymous_3)
FNF:4
FNH:4
FNDA:18,(anonymous_0)
FNDA:12,(anonymous_1)
FNDA:10,(anonymous_2)
FNDA:12,(anonymous_3)
DA:3,18
DA:7,12
DA:11,10
DA:15,12
LF:4
LH:4
BRF:0
BRH:0
end_of_record
